[debug] [2023-02-13T15:23:08.805Z] ----------------------------------------------------------------------
[debug] [2023-02-13T15:23:08.817Z] Command:       C:\Program Files\nodejs\node.exe C:\Users\EKRAMUL HASAN\AppData\Roaming\npm\node_modules\firebase-tools\lib\bin\firebase.js deploy
[debug] [2023-02-13T15:23:08.820Z] CLI Version:   11.20.0
[debug] [2023-02-13T15:23:08.821Z] Platform:      win32
[debug] [2023-02-13T15:23:08.821Z] Node Version:  v18.12.1
[debug] [2023-02-13T15:23:09.048Z] Time:          Mon Feb 13 2023 21:23:08 GMT+0600 (Bangladesh Standard Time)
[debug] [2023-02-13T15:23:09.050Z] ----------------------------------------------------------------------
[debug] 
[debug] [2023-02-13T15:23:09.360Z] > command requires scopes: ["email","openid","https://www.googleapis.com/auth/cloudplatformprojects.readonly","https://www.googleapis.com/auth/firebase","https://www.googleapis.com/auth/cloud-platform"]
[debug] [2023-02-13T15:23:09.361Z] > authorizing via signed-in user (ekramulhasan063@gmail.com)
[debug] [2023-02-13T15:23:09.361Z] [iam] checking project traditional-foodie for permissions ["firebase.projects.get","firebasehosting.sites.update"]
[debug] [2023-02-13T15:23:09.365Z] > refreshing access token with scopes: []
[debug] [2023-02-13T15:23:09.369Z] >>> [apiv2][query] POST https://www.googleapis.com/oauth2/v3/token [none]
[debug] [2023-02-13T15:23:09.369Z] >>> [apiv2][body] POST https://www.googleapis.com/oauth2/v3/token [omitted]
[debug] [2023-02-13T15:23:11.301Z] <<< [apiv2][status] POST https://www.googleapis.com/oauth2/v3/token 200
[debug] [2023-02-13T15:23:11.303Z] <<< [apiv2][body] POST https://www.googleapis.com/oauth2/v3/token [omitted]
[debug] [2023-02-13T15:23:11.391Z] >>> [apiv2][query] POST https://cloudresourcemanager.googleapis.com/v1/projects/traditional-foodie:testIamPermissions [none]
[debug] [2023-02-13T15:23:11.391Z] >>> [apiv2][(partial)header] POST https://cloudresourcemanager.googleapis.com/v1/projects/traditional-foodie:testIamPermissions x-goog-quota-user=projects/traditional-foodie
[debug] [2023-02-13T15:23:11.392Z] >>> [apiv2][body] POST https://cloudresourcemanager.googleapis.com/v1/projects/traditional-foodie:testIamPermissions {"permissions":["firebase.projects.get","firebasehosting.sites.update"]}
[debug] [2023-02-13T15:23:13.931Z] <<< [apiv2][status] POST https://cloudresourcemanager.googleapis.com/v1/projects/traditional-foodie:testIamPermissions 200
[debug] [2023-02-13T15:23:13.932Z] <<< [apiv2][body] POST https://cloudresourcemanager.googleapis.com/v1/projects/traditional-foodie:testIamPermissions {"permissions":["firebase.projects.get","firebasehosting.sites.update"]}
[debug] [2023-02-13T15:23:13.936Z] >>> [apiv2][query] GET https://firebase.googleapis.com/v1beta1/projects/traditional-foodie [none]
[debug] [2023-02-13T15:23:15.366Z] <<< [apiv2][status] GET https://firebase.googleapis.com/v1beta1/projects/traditional-foodie 200
[debug] [2023-02-13T15:23:15.367Z] <<< [apiv2][body] GET https://firebase.googleapis.com/v1beta1/projects/traditional-foodie {"projectId":"traditional-foodie","projectNumber":"71078419798","displayName":"traditional-foodie","name":"projects/traditional-foodie","resources":{"hostingSite":"traditional-foodie"},"state":"ACTIVE","etag":"1_aa79e625-5e35-468e-a71a-6c929094928e"}
[info] 
[info] === Deploying to 'traditional-foodie'...
[info] 
[info] i  deploying hosting 
[debug] [2023-02-13T15:23:15.397Z] >>> [apiv2][query] POST https://firebasehosting.googleapis.com/v1beta1/projects/-/sites/traditional-foodie/versions [none]
[debug] [2023-02-13T15:23:15.398Z] >>> [apiv2][body] POST https://firebasehosting.googleapis.com/v1beta1/projects/-/sites/traditional-foodie/versions {"status":"CREATED","labels":{"deployment-tool":"cli-firebase"}}
[debug] [2023-02-13T15:23:17.412Z] <<< [apiv2][status] POST https://firebasehosting.googleapis.com/v1beta1/projects/-/sites/traditional-foodie/versions 200
[debug] [2023-02-13T15:23:17.413Z] <<< [apiv2][body] POST https://firebasehosting.googleapis.com/v1beta1/projects/-/sites/traditional-foodie/versions {"name":"projects/71078419798/sites/traditional-foodie/versions/f9ae98a214c3940e","status":"CREATED","config":{},"labels":{"deployment-tool":"cli-firebase"}}
[info] i  hosting[traditional-foodie]: beginning deploy... 
[info] i  hosting[traditional-foodie]: found 15 files in build 
[debug] [2023-02-13T15:23:17.466Z] [hosting] uploading with 200 concurrency
[debug] [2023-02-13T15:23:18.547Z] [hosting] hash cache [YnVpbGQ] stored for 15 files
[debug] [2023-02-13T15:23:18.548Z] [hosting][hash queue][FINAL] {"max":1040,"min":10,"avg":106,"active":0,"complete":15,"success":15,"errored":0,"retried":0,"total":15,"elapsed":1061}
[debug] [2023-02-13T15:23:18.549Z] >>> [apiv2][query] POST https://firebasehosting.googleapis.com/v1beta1/projects/71078419798/sites/traditional-foodie/versions/f9ae98a214c3940e:populateFiles [none]
[debug] [2023-02-13T15:23:18.549Z] >>> [apiv2][body] POST https://firebasehosting.googleapis.com/v1beta1/projects/71078419798/sites/traditional-foodie/versions/f9ae98a214c3940e:populateFiles {"files":{"/favicon.ico":"5b8b3ac9f7f057663dc82ae7177c9236309e40918952c72cbb5b95376b5e7b8c","/logo192.png":"3ee59515172ee198f3be375979df15ac5345183e656720a381b8872b2a39dc8b","/logo512.png":"ee7e2f3fdb8209c4b6fd7bef6ba50d1b9dba30a25bb5c3126df057e1cb6f5331","/manifest.json":"aff3449bdc238776f5d6d967f19ec491b36aed5fb7f23ccff6500736fd58494a","/robots.txt":"bfe106a3fb878dc83461c86818bf74fc1bdc7f28538ba613cd3e775516ce8b49","/asset-manifest.json":"254d123e5c6ce8a7910604a1faf683c7321b84edd2039478e083f149a07dad97","/index.html":"9db123c616e184d548c720142025f736963e0f4a2b55082ff64ad44e904c7810","/static/js/787.f8509091.chunk.js":"1a42fe983ab80b5596323a346b435d06d7a84683913296693c2b1044bcf89e26","/static/js/787.f8509091.chunk.js.map":"346737b77a6d71ceac78a4c6b17a64381bf726b514db0b42394a818f07857e5c","/static/js/main.957efb58.js.LICENSE.txt":"a0f98d0cc60a084d44679d3edde9b15a607b1a38a89498a1aa239131b74cf31d","/static/css/main.3634efe2.css.map":"d43581e13efdc960476518de4930398a0ed7c59bcaa56b03efde5474d8ffc8db","/static/css/main.3634efe2.css":"38bc4fa77e21c76d2e8f51c971bf91aa4604197f7815e112301d3f68150495da","/static/media/logo.34021393de610e715ec9.png":"2535bf9927e510791cda333b35409c99772067ac54c903bc75e702912f869645","/static/js/main.957efb58.js":"e8e9a03677b2d924f7728f32c62a35d45f53989e2913d396cc0d704bd0d6c408","/static/js/main.957efb58.js.map":"e202251d15b5e14ae8a3bfecb16d367958f028896b99b762566326886e375205"}}
[debug] [2023-02-13T15:23:20.689Z] <<< [apiv2][status] POST https://firebasehosting.googleapis.com/v1beta1/projects/71078419798/sites/traditional-foodie/versions/f9ae98a214c3940e:populateFiles 200
[debug] [2023-02-13T15:23:20.690Z] <<< [apiv2][body] POST https://firebasehosting.googleapis.com/v1beta1/projects/71078419798/sites/traditional-foodie/versions/f9ae98a214c3940e:populateFiles {"uploadRequiredHashes":["e202251d15b5e14ae8a3bfecb16d367958f028896b99b762566326886e375205","d43581e13efdc960476518de4930398a0ed7c59bcaa56b03efde5474d8ffc8db","9db123c616e184d548c720142025f736963e0f4a2b55082ff64ad44e904c7810","38bc4fa77e21c76d2e8f51c971bf91aa4604197f7815e112301d3f68150495da","e8e9a03677b2d924f7728f32c62a35d45f53989e2913d396cc0d704bd0d6c408","254d123e5c6ce8a7910604a1faf683c7321b84edd2039478e083f149a07dad97"],"uploadUrl":"https://upload-firebasehosting.googleapis.com/upload/sites/traditional-foodie/versions/f9ae98a214c3940e/files"}
[debug] [2023-02-13T15:23:20.697Z] >>> [apiv2][query] POST https://upload-firebasehosting.googleapis.com/upload/sites/traditional-foodie/versions/f9ae98a214c3940e/files/e202251d15b5e14ae8a3bfecb16d367958f028896b99b762566326886e375205 [none]
[debug] [2023-02-13T15:23:20.697Z] >>> [apiv2][body] POST https://upload-firebasehosting.googleapis.com/upload/sites/traditional-foodie/versions/f9ae98a214c3940e/files/e202251d15b5e14ae8a3bfecb16d367958f028896b99b762566326886e375205 [stream]
[debug] [2023-02-13T15:23:20.703Z] >>> [apiv2][query] POST https://upload-firebasehosting.googleapis.com/upload/sites/traditional-foodie/versions/f9ae98a214c3940e/files/d43581e13efdc960476518de4930398a0ed7c59bcaa56b03efde5474d8ffc8db [none]
[debug] [2023-02-13T15:23:20.704Z] >>> [apiv2][body] POST https://upload-firebasehosting.googleapis.com/upload/sites/traditional-foodie/versions/f9ae98a214c3940e/files/d43581e13efdc960476518de4930398a0ed7c59bcaa56b03efde5474d8ffc8db [stream]
[debug] [2023-02-13T15:23:20.708Z] >>> [apiv2][query] POST https://upload-firebasehosting.googleapis.com/upload/sites/traditional-foodie/versions/f9ae98a214c3940e/files/9db123c616e184d548c720142025f736963e0f4a2b55082ff64ad44e904c7810 [none]
[debug] [2023-02-13T15:23:20.709Z] >>> [apiv2][body] POST https://upload-firebasehosting.googleapis.com/upload/sites/traditional-foodie/versions/f9ae98a214c3940e/files/9db123c616e184d548c720142025f736963e0f4a2b55082ff64ad44e904c7810 [stream]
[debug] [2023-02-13T15:23:20.712Z] >>> [apiv2][query] POST https://upload-firebasehosting.googleapis.com/upload/sites/traditional-foodie/versions/f9ae98a214c3940e/files/38bc4fa77e21c76d2e8f51c971bf91aa4604197f7815e112301d3f68150495da [none]
[debug] [2023-02-13T15:23:20.712Z] >>> [apiv2][body] POST https://upload-firebasehosting.googleapis.com/upload/sites/traditional-foodie/versions/f9ae98a214c3940e/files/38bc4fa77e21c76d2e8f51c971bf91aa4604197f7815e112301d3f68150495da [stream]
[debug] [2023-02-13T15:23:20.715Z] >>> [apiv2][query] POST https://upload-firebasehosting.googleapis.com/upload/sites/traditional-foodie/versions/f9ae98a214c3940e/files/e8e9a03677b2d924f7728f32c62a35d45f53989e2913d396cc0d704bd0d6c408 [none]
[debug] [2023-02-13T15:23:20.715Z] >>> [apiv2][body] POST https://upload-firebasehosting.googleapis.com/upload/sites/traditional-foodie/versions/f9ae98a214c3940e/files/e8e9a03677b2d924f7728f32c62a35d45f53989e2913d396cc0d704bd0d6c408 [stream]
[debug] [2023-02-13T15:23:20.719Z] >>> [apiv2][query] POST https://upload-firebasehosting.googleapis.com/upload/sites/traditional-foodie/versions/f9ae98a214c3940e/files/254d123e5c6ce8a7910604a1faf683c7321b84edd2039478e083f149a07dad97 [none]
[debug] [2023-02-13T15:23:20.719Z] >>> [apiv2][body] POST https://upload-firebasehosting.googleapis.com/upload/sites/traditional-foodie/versions/f9ae98a214c3940e/files/254d123e5c6ce8a7910604a1faf683c7321b84edd2039478e083f149a07dad97 [stream]
[debug] [2023-02-13T15:23:20.722Z] [hosting][populate queue][FINAL] {"max":2152,"min":2152,"avg":2152,"active":0,"complete":1,"success":1,"errored":0,"retried":0,"total":1,"elapsed":2177}
[debug] [2023-02-13T15:23:20.723Z] [hosting] uploads queued: 6
[debug] [2023-02-13T15:23:23.983Z] <<< [apiv2][status] POST https://upload-firebasehosting.googleapis.com/upload/sites/traditional-foodie/versions/f9ae98a214c3940e/files/d43581e13efdc960476518de4930398a0ed7c59bcaa56b03efde5474d8ffc8db 200
[debug] [2023-02-13T15:23:23.984Z] <<< [apiv2][body] POST https://upload-firebasehosting.googleapis.com/upload/sites/traditional-foodie/versions/f9ae98a214c3940e/files/d43581e13efdc960476518de4930398a0ed7c59bcaa56b03efde5474d8ffc8db [stream]
[debug] [2023-02-13T15:23:23.988Z] <<< [apiv2][status] POST https://upload-firebasehosting.googleapis.com/upload/sites/traditional-foodie/versions/f9ae98a214c3940e/files/38bc4fa77e21c76d2e8f51c971bf91aa4604197f7815e112301d3f68150495da 200
[debug] [2023-02-13T15:23:23.989Z] <<< [apiv2][body] POST https://upload-firebasehosting.googleapis.com/upload/sites/traditional-foodie/versions/f9ae98a214c3940e/files/38bc4fa77e21c76d2e8f51c971bf91aa4604197f7815e112301d3f68150495da [stream]
[debug] [2023-02-13T15:23:24.302Z] <<< [apiv2][status] POST https://upload-firebasehosting.googleapis.com/upload/sites/traditional-foodie/versions/f9ae98a214c3940e/files/254d123e5c6ce8a7910604a1faf683c7321b84edd2039478e083f149a07dad97 200
[debug] [2023-02-13T15:23:24.303Z] <<< [apiv2][body] POST https://upload-firebasehosting.googleapis.com/upload/sites/traditional-foodie/versions/f9ae98a214c3940e/files/254d123e5c6ce8a7910604a1faf683c7321b84edd2039478e083f149a07dad97 [stream]
[debug] [2023-02-13T15:23:24.480Z] <<< [apiv2][status] POST https://upload-firebasehosting.googleapis.com/upload/sites/traditional-foodie/versions/f9ae98a214c3940e/files/e202251d15b5e14ae8a3bfecb16d367958f028896b99b762566326886e375205 200
[debug] [2023-02-13T15:23:24.481Z] <<< [apiv2][body] POST https://upload-firebasehosting.googleapis.com/upload/sites/traditional-foodie/versions/f9ae98a214c3940e/files/e202251d15b5e14ae8a3bfecb16d367958f028896b99b762566326886e375205 [stream]
[debug] [2023-02-13T15:23:42.396Z] [uploadQueue] Retrying task 9db123c616e184d548c720142025f736963e0f4a2b55082ff64ad44e904c7810
[debug] [2023-02-13T15:23:42.400Z] >>> [apiv2][query] POST https://upload-firebasehosting.googleapis.com/upload/sites/traditional-foodie/versions/f9ae98a214c3940e/files/9db123c616e184d548c720142025f736963e0f4a2b55082ff64ad44e904c7810 [none]
[debug] [2023-02-13T15:23:42.400Z] >>> [apiv2][body] POST https://upload-firebasehosting.googleapis.com/upload/sites/traditional-foodie/versions/f9ae98a214c3940e/files/9db123c616e184d548c720142025f736963e0f4a2b55082ff64ad44e904c7810 [stream]
[debug] [2023-02-13T15:23:42.410Z] [uploadQueue] Retrying task e8e9a03677b2d924f7728f32c62a35d45f53989e2913d396cc0d704bd0d6c408
[debug] [2023-02-13T15:23:42.412Z] >>> [apiv2][query] POST https://upload-firebasehosting.googleapis.com/upload/sites/traditional-foodie/versions/f9ae98a214c3940e/files/e8e9a03677b2d924f7728f32c62a35d45f53989e2913d396cc0d704bd0d6c408 [none]
[debug] [2023-02-13T15:23:42.413Z] >>> [apiv2][body] POST https://upload-firebasehosting.googleapis.com/upload/sites/traditional-foodie/versions/f9ae98a214c3940e/files/e8e9a03677b2d924f7728f32c62a35d45f53989e2913d396cc0d704bd0d6c408 [stream]
[debug] [2023-02-13T15:24:04.282Z] [uploadQueue] Retrying task 9db123c616e184d548c720142025f736963e0f4a2b55082ff64ad44e904c7810
[debug] [2023-02-13T15:24:04.286Z] >>> [apiv2][query] POST https://upload-firebasehosting.googleapis.com/upload/sites/traditional-foodie/versions/f9ae98a214c3940e/files/9db123c616e184d548c720142025f736963e0f4a2b55082ff64ad44e904c7810 [none]
[debug] [2023-02-13T15:24:04.286Z] >>> [apiv2][body] POST https://upload-firebasehosting.googleapis.com/upload/sites/traditional-foodie/versions/f9ae98a214c3940e/files/9db123c616e184d548c720142025f736963e0f4a2b55082ff64ad44e904c7810 [stream]
[debug] [2023-02-13T15:24:04.294Z] [uploadQueue] Retrying task e8e9a03677b2d924f7728f32c62a35d45f53989e2913d396cc0d704bd0d6c408
[debug] [2023-02-13T15:24:04.296Z] >>> [apiv2][query] POST https://upload-firebasehosting.googleapis.com/upload/sites/traditional-foodie/versions/f9ae98a214c3940e/files/e8e9a03677b2d924f7728f32c62a35d45f53989e2913d396cc0d704bd0d6c408 [none]
[debug] [2023-02-13T15:24:04.296Z] >>> [apiv2][body] POST https://upload-firebasehosting.googleapis.com/upload/sites/traditional-foodie/versions/f9ae98a214c3940e/files/e8e9a03677b2d924f7728f32c62a35d45f53989e2913d396cc0d704bd0d6c408 [stream]
[debug] [2023-02-13T15:24:07.482Z] <<< [apiv2][status] POST https://upload-firebasehosting.googleapis.com/upload/sites/traditional-foodie/versions/f9ae98a214c3940e/files/e8e9a03677b2d924f7728f32c62a35d45f53989e2913d396cc0d704bd0d6c408 200
[debug] [2023-02-13T15:24:07.483Z] <<< [apiv2][body] POST https://upload-firebasehosting.googleapis.com/upload/sites/traditional-foodie/versions/f9ae98a214c3940e/files/e8e9a03677b2d924f7728f32c62a35d45f53989e2913d396cc0d704bd0d6c408 [stream]
[debug] [2023-02-13T15:24:26.966Z] [uploadQueue] Retrying task 9db123c616e184d548c720142025f736963e0f4a2b55082ff64ad44e904c7810
[debug] [2023-02-13T15:24:26.968Z] >>> [apiv2][query] POST https://upload-firebasehosting.googleapis.com/upload/sites/traditional-foodie/versions/f9ae98a214c3940e/files/9db123c616e184d548c720142025f736963e0f4a2b55082ff64ad44e904c7810 [none]
[debug] [2023-02-13T15:24:26.969Z] >>> [apiv2][body] POST https://upload-firebasehosting.googleapis.com/upload/sites/traditional-foodie/versions/f9ae98a214c3940e/files/9db123c616e184d548c720142025f736963e0f4a2b55082ff64ad44e904c7810 [stream]
[debug] [2023-02-13T15:24:51.219Z] [uploadQueue] Retrying task 9db123c616e184d548c720142025f736963e0f4a2b55082ff64ad44e904c7810
[debug] [2023-02-13T15:24:51.223Z] >>> [apiv2][query] POST https://upload-firebasehosting.googleapis.com/upload/sites/traditional-foodie/versions/f9ae98a214c3940e/files/9db123c616e184d548c720142025f736963e0f4a2b55082ff64ad44e904c7810 [none]
[debug] [2023-02-13T15:24:51.223Z] >>> [apiv2][body] POST https://upload-firebasehosting.googleapis.com/upload/sites/traditional-foodie/versions/f9ae98a214c3940e/files/9db123c616e184d548c720142025f736963e0f4a2b55082ff64ad44e904c7810 [stream]
[debug] [2023-02-13T15:24:55.715Z] <<< [apiv2][status] POST https://upload-firebasehosting.googleapis.com/upload/sites/traditional-foodie/versions/f9ae98a214c3940e/files/9db123c616e184d548c720142025f736963e0f4a2b55082ff64ad44e904c7810 200
[debug] [2023-02-13T15:24:55.715Z] <<< [apiv2][body] POST https://upload-firebasehosting.googleapis.com/upload/sites/traditional-foodie/versions/f9ae98a214c3940e/files/9db123c616e184d548c720142025f736963e0f4a2b55082ff64ad44e904c7810 [stream]
[debug] [2023-02-13T15:24:55.716Z] [hosting][upload queue][FINAL] {"max":4495,"min":3188,"avg":3611.3333333333335,"active":0,"complete":6,"success":6,"errored":0,"retried":6,"total":6,"elapsed":95025}
[info] +  hosting[traditional-foodie]: file upload complete 
[debug] [2023-02-13T15:24:55.722Z] [hosting] deploy completed after 98301ms
[debug] [2023-02-13T15:24:55.743Z] [
  {
    "config": {
      "public": "build",
      "ignore": [
        "firebase.json",
        "**/.*",
        "**/node_modules/**"
      ],
      "rewrites": [
        {
          "source": "**",
          "destination": "/index.html"
        }
      ],
      "site": "traditional-foodie"
    },
    "version": "projects/71078419798/sites/traditional-foodie/versions/f9ae98a214c3940e"
  }
]
[info] i  hosting[traditional-foodie]: finalizing version... 
[debug] [2023-02-13T15:24:55.760Z] >>> [apiv2][query] PATCH https://firebasehosting.googleapis.com/v1beta1/projects/-/sites/traditional-foodie/versions/f9ae98a214c3940e updateMask=status%2Cconfig
[debug] [2023-02-13T15:24:55.760Z] >>> [apiv2][body] PATCH https://firebasehosting.googleapis.com/v1beta1/projects/-/sites/traditional-foodie/versions/f9ae98a214c3940e {"status":"FINALIZED","config":{"rewrites":[{"glob":"**","path":"/index.html"}]}}
[debug] [2023-02-13T15:25:21.874Z] Error: Timed out.
    at Timeout._onTimeout (C:\Users\EKRAMUL HASAN\AppData\Roaming\npm\node_modules\firebase-tools\lib\utils.js:253:49)
    at listOnTimeout (node:internal/timers:564:17)
    at process.processTimers (node:internal/timers:507:7)
[error] 
[error] Error: An unexpected error has occurred.
[debug] [2023-02-13T15:28:10.420Z] ----------------------------------------------------------------------
[debug] [2023-02-13T15:28:10.424Z] Command:       C:\Program Files\nodejs\node.exe C:\Users\EKRAMUL HASAN\AppData\Roaming\npm\node_modules\firebase-tools\lib\bin\firebase.js deploy
[debug] [2023-02-13T15:28:10.425Z] CLI Version:   11.22.0
[debug] [2023-02-13T15:28:10.425Z] Platform:      win32
[debug] [2023-02-13T15:28:10.425Z] Node Version:  v18.12.1
[debug] [2023-02-13T15:28:10.427Z] Time:          Mon Feb 13 2023 21:28:10 GMT+0600 (Bangladesh Standard Time)
[debug] [2023-02-13T15:28:10.427Z] ----------------------------------------------------------------------
[debug] 
[debug] [2023-02-13T15:28:10.561Z] > command requires scopes: ["email","openid","https://www.googleapis.com/auth/cloudplatformprojects.readonly","https://www.googleapis.com/auth/firebase","https://www.googleapis.com/auth/cloud-platform"]
[debug] [2023-02-13T15:28:10.562Z] > authorizing via signed-in user (ekramulhasan063@gmail.com)
[debug] [2023-02-13T15:28:10.562Z] [iam] checking project traditional-foodie for permissions ["firebase.projects.get","firebasehosting.sites.update"]
[debug] [2023-02-13T15:28:10.566Z] >>> [apiv2][query] POST https://cloudresourcemanager.googleapis.com/v1/projects/traditional-foodie:testIamPermissions [none]
[debug] [2023-02-13T15:28:10.567Z] >>> [apiv2][(partial)header] POST https://cloudresourcemanager.googleapis.com/v1/projects/traditional-foodie:testIamPermissions x-goog-quota-user=projects/traditional-foodie
[debug] [2023-02-13T15:28:10.567Z] >>> [apiv2][body] POST https://cloudresourcemanager.googleapis.com/v1/projects/traditional-foodie:testIamPermissions {"permissions":["firebase.projects.get","firebasehosting.sites.update"]}
[debug] [2023-02-13T15:28:12.759Z] <<< [apiv2][status] POST https://cloudresourcemanager.googleapis.com/v1/projects/traditional-foodie:testIamPermissions 200
[debug] [2023-02-13T15:28:12.759Z] <<< [apiv2][body] POST https://cloudresourcemanager.googleapis.com/v1/projects/traditional-foodie:testIamPermissions {"permissions":["firebase.projects.get","firebasehosting.sites.update"]}
[debug] [2023-02-13T15:28:12.763Z] >>> [apiv2][query] GET https://firebase.googleapis.com/v1beta1/projects/traditional-foodie [none]
[debug] [2023-02-13T15:28:33.881Z] Failed to make request to https://firebase.googleapis.com/v1beta1/projects/traditional-foodie
[debug] [2023-02-13T15:28:38.911Z] Error: Timed out.
    at Timeout._onTimeout (C:\Users\EKRAMUL HASAN\AppData\Roaming\npm\node_modules\firebase-tools\lib\utils.js:253:49)
    at listOnTimeout (node:internal/timers:564:17)
    at process.processTimers (node:internal/timers:507:7)
[error] 
[error] Error: An unexpected error has occurred.
[debug] [2023-02-13T15:30:39.027Z] ----------------------------------------------------------------------
[debug] [2023-02-13T15:30:39.034Z] Command:       C:\Program Files\nodejs\node.exe C:\Users\EKRAMUL HASAN\AppData\Roaming\npm\node_modules\firebase-tools\lib\bin\firebase.js deploy
[debug] [2023-02-13T15:30:39.035Z] CLI Version:   11.22.0
[debug] [2023-02-13T15:30:39.036Z] Platform:      win32
[debug] [2023-02-13T15:30:39.036Z] Node Version:  v18.12.1
[debug] [2023-02-13T15:30:39.039Z] Time:          Mon Feb 13 2023 21:30:39 GMT+0600 (Bangladesh Standard Time)
[debug] [2023-02-13T15:30:39.040Z] ----------------------------------------------------------------------
[debug] 
[debug] [2023-02-13T15:30:39.239Z] > command requires scopes: ["email","openid","https://www.googleapis.com/auth/cloudplatformprojects.readonly","https://www.googleapis.com/auth/firebase","https://www.googleapis.com/auth/cloud-platform"]
[debug] [2023-02-13T15:30:39.240Z] > authorizing via signed-in user (ekramulhasan063@gmail.com)
[debug] [2023-02-13T15:30:39.240Z] [iam] checking project traditional-foodie for permissions ["firebase.projects.get","firebasehosting.sites.update"]
[debug] [2023-02-13T15:30:39.244Z] >>> [apiv2][query] POST https://cloudresourcemanager.googleapis.com/v1/projects/traditional-foodie:testIamPermissions [none]
[debug] [2023-02-13T15:30:39.245Z] >>> [apiv2][(partial)header] POST https://cloudresourcemanager.googleapis.com/v1/projects/traditional-foodie:testIamPermissions x-goog-quota-user=projects/traditional-foodie
[debug] [2023-02-13T15:30:39.245Z] >>> [apiv2][body] POST https://cloudresourcemanager.googleapis.com/v1/projects/traditional-foodie:testIamPermissions {"permissions":["firebase.projects.get","firebasehosting.sites.update"]}
[debug] [2023-02-13T15:30:41.211Z] <<< [apiv2][status] POST https://cloudresourcemanager.googleapis.com/v1/projects/traditional-foodie:testIamPermissions 200
[debug] [2023-02-13T15:30:41.211Z] <<< [apiv2][body] POST https://cloudresourcemanager.googleapis.com/v1/projects/traditional-foodie:testIamPermissions {"permissions":["firebase.projects.get","firebasehosting.sites.update"]}
[debug] [2023-02-13T15:30:41.213Z] >>> [apiv2][query] GET https://firebase.googleapis.com/v1beta1/projects/traditional-foodie [none]
[debug] [2023-02-13T15:30:42.233Z] <<< [apiv2][status] GET https://firebase.googleapis.com/v1beta1/projects/traditional-foodie 200
[debug] [2023-02-13T15:30:42.233Z] <<< [apiv2][body] GET https://firebase.googleapis.com/v1beta1/projects/traditional-foodie {"projectId":"traditional-foodie","projectNumber":"71078419798","displayName":"traditional-foodie","name":"projects/traditional-foodie","resources":{"hostingSite":"traditional-foodie"},"state":"ACTIVE","etag":"1_aa79e625-5e35-468e-a71a-6c929094928e"}
[info] 
[info] === Deploying to 'traditional-foodie'...
[info] 
[info] i  deploying hosting 
[debug] [2023-02-13T15:30:42.249Z] >>> [apiv2][query] POST https://firebasehosting.googleapis.com/v1beta1/projects/-/sites/traditional-foodie/versions [none]
[debug] [2023-02-13T15:30:42.249Z] >>> [apiv2][body] POST https://firebasehosting.googleapis.com/v1beta1/projects/-/sites/traditional-foodie/versions {"status":"CREATED","labels":{"deployment-tool":"cli-firebase"}}
[debug] [2023-02-13T15:30:44.076Z] <<< [apiv2][status] POST https://firebasehosting.googleapis.com/v1beta1/projects/-/sites/traditional-foodie/versions 200
[debug] [2023-02-13T15:30:44.076Z] <<< [apiv2][body] POST https://firebasehosting.googleapis.com/v1beta1/projects/-/sites/traditional-foodie/versions {"name":"projects/71078419798/sites/traditional-foodie/versions/b9b6e0dc919cb06c","status":"CREATED","config":{},"labels":{"deployment-tool":"cli-firebase"}}
[info] i  hosting[traditional-foodie]: beginning deploy... 
[info] i  hosting[traditional-foodie]: found 15 files in build 
[debug] [2023-02-13T15:30:44.099Z] [hosting] uploading with 200 concurrency
[debug] [2023-02-13T15:30:44.821Z] [hosting] hash cache [YnVpbGQ] stored for 15 files
[debug] [2023-02-13T15:30:44.822Z] [hosting][hash queue][FINAL] {"max":709,"min":3,"avg":62.4,"active":0,"complete":15,"success":15,"errored":0,"retried":0,"total":15,"elapsed":719}
[debug] [2023-02-13T15:30:44.822Z] >>> [apiv2][query] POST https://firebasehosting.googleapis.com/v1beta1/projects/71078419798/sites/traditional-foodie/versions/b9b6e0dc919cb06c:populateFiles [none]
[debug] [2023-02-13T15:30:44.823Z] >>> [apiv2][body] POST https://firebasehosting.googleapis.com/v1beta1/projects/71078419798/sites/traditional-foodie/versions/b9b6e0dc919cb06c:populateFiles {"files":{"/favicon.ico":"5b8b3ac9f7f057663dc82ae7177c9236309e40918952c72cbb5b95376b5e7b8c","/logo192.png":"3ee59515172ee198f3be375979df15ac5345183e656720a381b8872b2a39dc8b","/logo512.png":"ee7e2f3fdb8209c4b6fd7bef6ba50d1b9dba30a25bb5c3126df057e1cb6f5331","/manifest.json":"aff3449bdc238776f5d6d967f19ec491b36aed5fb7f23ccff6500736fd58494a","/robots.txt":"bfe106a3fb878dc83461c86818bf74fc1bdc7f28538ba613cd3e775516ce8b49","/asset-manifest.json":"254d123e5c6ce8a7910604a1faf683c7321b84edd2039478e083f149a07dad97","/index.html":"9db123c616e184d548c720142025f736963e0f4a2b55082ff64ad44e904c7810","/static/js/787.f8509091.chunk.js":"1a42fe983ab80b5596323a346b435d06d7a84683913296693c2b1044bcf89e26","/static/js/787.f8509091.chunk.js.map":"346737b77a6d71ceac78a4c6b17a64381bf726b514db0b42394a818f07857e5c","/static/js/main.957efb58.js.LICENSE.txt":"a0f98d0cc60a084d44679d3edde9b15a607b1a38a89498a1aa239131b74cf31d","/static/css/main.3634efe2.css.map":"d43581e13efdc960476518de4930398a0ed7c59bcaa56b03efde5474d8ffc8db","/static/css/main.3634efe2.css":"38bc4fa77e21c76d2e8f51c971bf91aa4604197f7815e112301d3f68150495da","/static/media/logo.34021393de610e715ec9.png":"2535bf9927e510791cda333b35409c99772067ac54c903bc75e702912f869645","/static/js/main.957efb58.js":"e8e9a03677b2d924f7728f32c62a35d45f53989e2913d396cc0d704bd0d6c408","/static/js/main.957efb58.js.map":"e202251d15b5e14ae8a3bfecb16d367958f028896b99b762566326886e375205"}}
[debug] [2023-02-13T15:30:46.355Z] <<< [apiv2][status] POST https://firebasehosting.googleapis.com/v1beta1/projects/71078419798/sites/traditional-foodie/versions/b9b6e0dc919cb06c:populateFiles 200
[debug] [2023-02-13T15:30:46.356Z] <<< [apiv2][body] POST https://firebasehosting.googleapis.com/v1beta1/projects/71078419798/sites/traditional-foodie/versions/b9b6e0dc919cb06c:populateFiles {"uploadUrl":"https://upload-firebasehosting.googleapis.com/upload/sites/traditional-foodie/versions/b9b6e0dc919cb06c/files"}
[debug] [2023-02-13T15:30:46.356Z] [hosting][populate queue][FINAL] {"max":1537,"min":1537,"avg":1537,"active":0,"complete":1,"success":1,"errored":0,"retried":0,"total":1,"elapsed":1537}
[debug] [2023-02-13T15:30:46.356Z] [hosting] uploads queued: 0
[debug] [2023-02-13T15:30:46.356Z] [hosting][upload queue][FINAL] {"max":0,"min":9999999999,"avg":0,"active":0,"complete":0,"success":0,"errored":0,"retried":0,"total":0,"elapsed":1676302246356}
[info] +  hosting[traditional-foodie]: file upload complete 
[debug] [2023-02-13T15:30:46.358Z] [hosting] deploy completed after 2279ms
[debug] [2023-02-13T15:30:46.362Z] [
  {
    "config": {
      "public": "build",
      "ignore": [
        "firebase.json",
        "**/.*",
        "**/node_modules/**"
      ],
      "rewrites": [
        {
          "source": "**",
          "destination": "/index.html"
        }
      ],
      "site": "traditional-foodie"
    },
    "version": "projects/71078419798/sites/traditional-foodie/versions/b9b6e0dc919cb06c"
  }
]
[info] i  hosting[traditional-foodie]: finalizing version... 
[debug] [2023-02-13T15:30:46.367Z] >>> [apiv2][query] PATCH https://firebasehosting.googleapis.com/v1beta1/projects/-/sites/traditional-foodie/versions/b9b6e0dc919cb06c updateMask=status%2Cconfig
[debug] [2023-02-13T15:30:46.367Z] >>> [apiv2][body] PATCH https://firebasehosting.googleapis.com/v1beta1/projects/-/sites/traditional-foodie/versions/b9b6e0dc919cb06c {"status":"FINALIZED","config":{"rewrites":[{"glob":"**","path":"/index.html"}]}}
[debug] [2023-02-13T15:31:12.439Z] Error: Timed out.
    at Timeout._onTimeout (C:\Users\EKRAMUL HASAN\AppData\Roaming\npm\node_modules\firebase-tools\lib\utils.js:253:49)
    at listOnTimeout (node:internal/timers:564:17)
    at process.processTimers (node:internal/timers:507:7)
[error] 
[error] Error: An unexpected error has occurred.
[debug] [2023-02-14T14:59:25.176Z] ----------------------------------------------------------------------
[debug] [2023-02-14T14:59:25.185Z] Command:       C:\Program Files\nodejs\node.exe C:\Users\EKRAMUL HASAN\AppData\Roaming\npm\node_modules\firebase-tools\lib\bin\firebase.js deploy
[debug] [2023-02-14T14:59:25.188Z] CLI Version:   11.22.0
[debug] [2023-02-14T14:59:25.190Z] Platform:      win32
[debug] [2023-02-14T14:59:25.191Z] Node Version:  v18.12.1
[debug] [2023-02-14T14:59:25.194Z] Time:          Tue Feb 14 2023 20:59:25 GMT+0600 (Bangladesh Standard Time)
[debug] [2023-02-14T14:59:25.196Z] ----------------------------------------------------------------------
[debug] 
[debug] [2023-02-14T14:59:25.222Z] >>> [apiv2][query] GET https://firebase-public.firebaseio.com/cli.json [none]
[debug] [2023-02-14T14:59:25.567Z] > command requires scopes: ["email","openid","https://www.googleapis.com/auth/cloudplatformprojects.readonly","https://www.googleapis.com/auth/firebase","https://www.googleapis.com/auth/cloud-platform"]
[debug] [2023-02-14T14:59:25.570Z] > authorizing via signed-in user (ekramulhasan063@gmail.com)
[debug] [2023-02-14T14:59:25.571Z] [iam] checking project traditional-foodie for permissions ["firebase.projects.get","firebasehosting.sites.update"]
[debug] [2023-02-14T14:59:25.578Z] > refreshing access token with scopes: []
[debug] [2023-02-14T14:59:25.584Z] >>> [apiv2][query] POST https://www.googleapis.com/oauth2/v3/token [none]
[debug] [2023-02-14T14:59:25.585Z] >>> [apiv2][body] POST https://www.googleapis.com/oauth2/v3/token [omitted]
[debug] [2023-02-14T14:59:26.425Z] <<< [apiv2][status] POST https://www.googleapis.com/oauth2/v3/token 200
[debug] [2023-02-14T14:59:26.427Z] <<< [apiv2][body] POST https://www.googleapis.com/oauth2/v3/token [omitted]
[debug] [2023-02-14T14:59:26.574Z] >>> [apiv2][query] POST https://cloudresourcemanager.googleapis.com/v1/projects/traditional-foodie:testIamPermissions [none]
[debug] [2023-02-14T14:59:26.575Z] >>> [apiv2][(partial)header] POST https://cloudresourcemanager.googleapis.com/v1/projects/traditional-foodie:testIamPermissions x-goog-quota-user=projects/traditional-foodie
[debug] [2023-02-14T14:59:26.576Z] >>> [apiv2][body] POST https://cloudresourcemanager.googleapis.com/v1/projects/traditional-foodie:testIamPermissions {"permissions":["firebase.projects.get","firebasehosting.sites.update"]}
[debug] [2023-02-14T14:59:26.591Z] <<< [apiv2][status] GET https://firebase-public.firebaseio.com/cli.json 200
[debug] [2023-02-14T14:59:26.591Z] <<< [apiv2][body] GET https://firebase-public.firebaseio.com/cli.json {"cloudBuildErrorAfter":1594252800000,"cloudBuildWarnAfter":1590019200000,"defaultNode10After":1594252800000,"minVersion":"3.0.5","node8DeploysDisabledAfter":1613390400000,"node8RuntimeDisabledAfter":1615809600000,"node8WarnAfter":1600128000000}
[debug] [2023-02-14T14:59:47.849Z] [iam] error while checking permissions, command may fail: FirebaseError: Failed to make request to https://cloudresourcemanager.googleapis.com/v1/projects/traditional-foodie:testIamPermissions
[debug] [2023-02-14T14:59:47.858Z] >>> [apiv2][query] GET https://firebase.googleapis.com/v1beta1/projects/traditional-foodie [none]
[debug] [2023-02-14T15:00:08.971Z] Failed to make request to https://firebase.googleapis.com/v1beta1/projects/traditional-foodie
[debug] [2023-02-14T15:00:14.055Z] Error: Timed out.
    at Timeout._onTimeout (C:\Users\EKRAMUL HASAN\AppData\Roaming\npm\node_modules\firebase-tools\lib\utils.js:253:49)
    at listOnTimeout (node:internal/timers:564:17)
    at process.processTimers (node:internal/timers:507:7)
[error] 
[error] Error: An unexpected error has occurred.
[debug] [2023-02-14T15:01:59.907Z] ----------------------------------------------------------------------
[debug] [2023-02-14T15:01:59.922Z] Command:       C:\Program Files\nodejs\node.exe C:\Users\EKRAMUL HASAN\AppData\Roaming\npm\node_modules\firebase-tools\lib\bin\firebase.js deploy
[debug] [2023-02-14T15:01:59.925Z] CLI Version:   11.22.0
[debug] [2023-02-14T15:01:59.926Z] Platform:      win32
[debug] [2023-02-14T15:01:59.926Z] Node Version:  v18.12.1
[debug] [2023-02-14T15:01:59.930Z] Time:          Tue Feb 14 2023 21:01:59 GMT+0600 (Bangladesh Standard Time)
[debug] [2023-02-14T15:01:59.931Z] ----------------------------------------------------------------------
[debug] 
[debug] [2023-02-14T15:02:00.131Z] > command requires scopes: ["email","openid","https://www.googleapis.com/auth/cloudplatformprojects.readonly","https://www.googleapis.com/auth/firebase","https://www.googleapis.com/auth/cloud-platform"]
[debug] [2023-02-14T15:02:00.132Z] > authorizing via signed-in user (ekramulhasan063@gmail.com)
[debug] [2023-02-14T15:02:00.133Z] [iam] checking project traditional-foodie for permissions ["firebase.projects.get","firebasehosting.sites.update"]
[debug] [2023-02-14T15:02:00.137Z] >>> [apiv2][query] POST https://cloudresourcemanager.googleapis.com/v1/projects/traditional-foodie:testIamPermissions [none]
[debug] [2023-02-14T15:02:00.138Z] >>> [apiv2][(partial)header] POST https://cloudresourcemanager.googleapis.com/v1/projects/traditional-foodie:testIamPermissions x-goog-quota-user=projects/traditional-foodie
[debug] [2023-02-14T15:02:00.139Z] >>> [apiv2][body] POST https://cloudresourcemanager.googleapis.com/v1/projects/traditional-foodie:testIamPermissions {"permissions":["firebase.projects.get","firebasehosting.sites.update"]}
[debug] [2023-02-14T15:02:21.336Z] [iam] error while checking permissions, command may fail: FirebaseError: Failed to make request to https://cloudresourcemanager.googleapis.com/v1/projects/traditional-foodie:testIamPermissions
[debug] [2023-02-14T15:02:21.346Z] >>> [apiv2][query] GET https://firebase.googleapis.com/v1beta1/projects/traditional-foodie [none]
[debug] [2023-02-14T15:02:22.640Z] <<< [apiv2][status] GET https://firebase.googleapis.com/v1beta1/projects/traditional-foodie 200
[debug] [2023-02-14T15:02:22.641Z] <<< [apiv2][body] GET https://firebase.googleapis.com/v1beta1/projects/traditional-foodie {"projectId":"traditional-foodie","projectNumber":"71078419798","displayName":"traditional-foodie","name":"projects/traditional-foodie","resources":{"hostingSite":"traditional-foodie"},"state":"ACTIVE","etag":"1_aa79e625-5e35-468e-a71a-6c929094928e"}
[info] 
[info] === Deploying to 'traditional-foodie'...
[info] 
[info] i  deploying hosting 
[debug] [2023-02-14T15:02:22.658Z] >>> [apiv2][query] POST https://firebasehosting.googleapis.com/v1beta1/projects/-/sites/traditional-foodie/versions [none]
[debug] [2023-02-14T15:02:22.658Z] >>> [apiv2][body] POST https://firebasehosting.googleapis.com/v1beta1/projects/-/sites/traditional-foodie/versions {"status":"CREATED","labels":{"deployment-tool":"cli-firebase"}}
[debug] [2023-02-14T15:02:24.418Z] <<< [apiv2][status] POST https://firebasehosting.googleapis.com/v1beta1/projects/-/sites/traditional-foodie/versions 200
[debug] [2023-02-14T15:02:24.418Z] <<< [apiv2][body] POST https://firebasehosting.googleapis.com/v1beta1/projects/-/sites/traditional-foodie/versions {"name":"projects/71078419798/sites/traditional-foodie/versions/bad14330d67e7647","status":"CREATED","config":{},"labels":{"deployment-tool":"cli-firebase"}}
[info] i  hosting[traditional-foodie]: beginning deploy... 
[info] i  hosting[traditional-foodie]: found 15 files in build 
[debug] [2023-02-14T15:02:43.880Z] [hosting] uploading with 200 concurrency
[debug] [2023-02-14T15:02:43.917Z] [hosting] hash cache [YnVpbGQ] stored for 15 files
[debug] [2023-02-14T15:02:43.918Z] [hosting][hash queue][FINAL] {"max":11,"min":1,"avg":1,"active":0,"complete":15,"success":15,"errored":0,"retried":0,"total":15,"elapsed":20}
[debug] [2023-02-14T15:02:43.920Z] >>> [apiv2][query] POST https://firebasehosting.googleapis.com/v1beta1/projects/71078419798/sites/traditional-foodie/versions/bad14330d67e7647:populateFiles [none]
[debug] [2023-02-14T15:02:43.920Z] >>> [apiv2][body] POST https://firebasehosting.googleapis.com/v1beta1/projects/71078419798/sites/traditional-foodie/versions/bad14330d67e7647:populateFiles {"files":{"/asset-manifest.json":"254d123e5c6ce8a7910604a1faf683c7321b84edd2039478e083f149a07dad97","/favicon.ico":"5b8b3ac9f7f057663dc82ae7177c9236309e40918952c72cbb5b95376b5e7b8c","/index.html":"9db123c616e184d548c720142025f736963e0f4a2b55082ff64ad44e904c7810","/logo192.png":"3ee59515172ee198f3be375979df15ac5345183e656720a381b8872b2a39dc8b","/logo512.png":"ee7e2f3fdb8209c4b6fd7bef6ba50d1b9dba30a25bb5c3126df057e1cb6f5331","/manifest.json":"aff3449bdc238776f5d6d967f19ec491b36aed5fb7f23ccff6500736fd58494a","/robots.txt":"bfe106a3fb878dc83461c86818bf74fc1bdc7f28538ba613cd3e775516ce8b49","/static/css/main.3634efe2.css":"38bc4fa77e21c76d2e8f51c971bf91aa4604197f7815e112301d3f68150495da","/static/css/main.3634efe2.css.map":"d43581e13efdc960476518de4930398a0ed7c59bcaa56b03efde5474d8ffc8db","/static/js/787.f8509091.chunk.js":"1a42fe983ab80b5596323a346b435d06d7a84683913296693c2b1044bcf89e26","/static/js/787.f8509091.chunk.js.map":"346737b77a6d71ceac78a4c6b17a64381bf726b514db0b42394a818f07857e5c","/static/js/main.957efb58.js":"e8e9a03677b2d924f7728f32c62a35d45f53989e2913d396cc0d704bd0d6c408","/static/js/main.957efb58.js.LICENSE.txt":"a0f98d0cc60a084d44679d3edde9b15a607b1a38a89498a1aa239131b74cf31d","/static/js/main.957efb58.js.map":"e202251d15b5e14ae8a3bfecb16d367958f028896b99b762566326886e375205","/static/media/logo.34021393de610e715ec9.png":"2535bf9927e510791cda333b35409c99772067ac54c903bc75e702912f869645"}}
[debug] [2023-02-14T15:03:05.400Z] [populateQueue] Retrying task index 0
[debug] [2023-02-14T15:03:05.401Z] >>> [apiv2][query] POST https://firebasehosting.googleapis.com/v1beta1/projects/71078419798/sites/traditional-foodie/versions/bad14330d67e7647:populateFiles [none]
[debug] [2023-02-14T15:03:05.401Z] >>> [apiv2][body] POST https://firebasehosting.googleapis.com/v1beta1/projects/71078419798/sites/traditional-foodie/versions/bad14330d67e7647:populateFiles {"files":{"/asset-manifest.json":"254d123e5c6ce8a7910604a1faf683c7321b84edd2039478e083f149a07dad97","/favicon.ico":"5b8b3ac9f7f057663dc82ae7177c9236309e40918952c72cbb5b95376b5e7b8c","/index.html":"9db123c616e184d548c720142025f736963e0f4a2b55082ff64ad44e904c7810","/logo192.png":"3ee59515172ee198f3be375979df15ac5345183e656720a381b8872b2a39dc8b","/logo512.png":"ee7e2f3fdb8209c4b6fd7bef6ba50d1b9dba30a25bb5c3126df057e1cb6f5331","/manifest.json":"aff3449bdc238776f5d6d967f19ec491b36aed5fb7f23ccff6500736fd58494a","/robots.txt":"bfe106a3fb878dc83461c86818bf74fc1bdc7f28538ba613cd3e775516ce8b49","/static/css/main.3634efe2.css":"38bc4fa77e21c76d2e8f51c971bf91aa4604197f7815e112301d3f68150495da","/static/css/main.3634efe2.css.map":"d43581e13efdc960476518de4930398a0ed7c59bcaa56b03efde5474d8ffc8db","/static/js/787.f8509091.chunk.js":"1a42fe983ab80b5596323a346b435d06d7a84683913296693c2b1044bcf89e26","/static/js/787.f8509091.chunk.js.map":"346737b77a6d71ceac78a4c6b17a64381bf726b514db0b42394a818f07857e5c","/static/js/main.957efb58.js":"e8e9a03677b2d924f7728f32c62a35d45f53989e2913d396cc0d704bd0d6c408","/static/js/main.957efb58.js.LICENSE.txt":"a0f98d0cc60a084d44679d3edde9b15a607b1a38a89498a1aa239131b74cf31d","/static/js/main.957efb58.js.map":"e202251d15b5e14ae8a3bfecb16d367958f028896b99b762566326886e375205","/static/media/logo.34021393de610e715ec9.png":"2535bf9927e510791cda333b35409c99772067ac54c903bc75e702912f869645"}}
[debug] [2023-02-14T15:03:07.348Z] <<< [apiv2][status] POST https://firebasehosting.googleapis.com/v1beta1/projects/71078419798/sites/traditional-foodie/versions/bad14330d67e7647:populateFiles 200
[debug] [2023-02-14T15:03:07.349Z] <<< [apiv2][body] POST https://firebasehosting.googleapis.com/v1beta1/projects/71078419798/sites/traditional-foodie/versions/bad14330d67e7647:populateFiles {"uploadUrl":"https://upload-firebasehosting.googleapis.com/upload/sites/traditional-foodie/versions/bad14330d67e7647/files"}
[debug] [2023-02-14T15:03:07.350Z] [hosting][populate queue][FINAL] {"max":1950,"min":1950,"avg":1950,"active":0,"complete":1,"success":1,"errored":0,"retried":1,"total":1,"elapsed":23438}
[debug] [2023-02-14T15:03:07.351Z] [hosting] uploads queued: 0
[debug] [2023-02-14T15:03:07.352Z] [hosting][upload queue][FINAL] {"max":0,"min":9999999999,"avg":0,"active":0,"complete":0,"success":0,"errored":0,"retried":0,"total":0,"elapsed":1676386987352}
[info] +  hosting[traditional-foodie]: file upload complete 
[debug] [2023-02-14T15:03:07.357Z] [hosting] deploy completed after 23644ms
[debug] [2023-02-14T15:03:07.363Z] [
  {
    "config": {
      "public": "build",
      "ignore": [
        "firebase.json",
        "**/.*",
        "**/node_modules/**"
      ],
      "rewrites": [
        {
          "source": "**",
          "destination": "/index.html"
        }
      ],
      "site": "traditional-foodie"
    },
    "version": "projects/71078419798/sites/traditional-foodie/versions/bad14330d67e7647"
  }
]
[info] i  hosting[traditional-foodie]: finalizing version... 
[debug] [2023-02-14T15:03:07.372Z] >>> [apiv2][query] PATCH https://firebasehosting.googleapis.com/v1beta1/projects/-/sites/traditional-foodie/versions/bad14330d67e7647 updateMask=status%2Cconfig
[debug] [2023-02-14T15:03:07.373Z] >>> [apiv2][body] PATCH https://firebasehosting.googleapis.com/v1beta1/projects/-/sites/traditional-foodie/versions/bad14330d67e7647 {"status":"FINALIZED","config":{"rewrites":[{"glob":"**","path":"/index.html"}]}}
[debug] [2023-02-14T15:03:33.463Z] Error: Timed out.
    at Timeout._onTimeout (C:\Users\EKRAMUL HASAN\AppData\Roaming\npm\node_modules\firebase-tools\lib\utils.js:253:49)
    at listOnTimeout (node:internal/timers:564:17)
    at process.processTimers (node:internal/timers:507:7)
[error] 
[error] Error: An unexpected error has occurred.
